<?xml version="1.0" encoding="UTF-8"?>
<!-- Generated by org.testng.reporters.JUnitXMLReporter -->
<testsuite ignored="0" hostname="NoOneHere" failures="0" tests="4" name="Regression" time="47.368" errors="0" timestamp="2024-10-03T11:22:15 IST">
  <testcase classname="com.qa.selenium.tests.HomePageTest" name="pageTitle" time="0.027"/>
  <testcase classname="com.qa.selenium.tests.LoginTest" name="pageTitle" time="0.024"/>
  <testcase classname="com.qa.selenium.tests.LoginTest" name="signIn" time="0.309"/>
  <testcase classname="com.qa.selenium.tests.DashboardTest" name="pageTitle" time="0.022"/>
</testsuite> <!-- Regression -->
